app/build/intermediates/manifest_merge_blame_file/debug/manifest-merger-blame-debug-report.txt
1<?xml version="1.0" encoding="utf-8"?>
2<manifest xmlns:android="http://schemas.android.com/apk/res/android"
3    package="com.atharvakale.facerecognition"
4    android:versionCode="4"
5    android:versionName="1.3" >
6
7    <uses-sdk
8        android:minSdkVersion="24"
8-->src\main\AndroidManifest.xml
9        android:targetSdkVersion="33" />
9-->src\main\AndroidManifest.xml
10
11    <uses-feature
11-->src\main\AndroidManifest.xml:4:5-6:36
12        android:name="android.hardware.camera"
12-->src\main\AndroidManifest.xml:5:9-47
13        android:required="false" />
13-->src\main\AndroidManifest.xml:6:9-33
14
15    <uses-permission android:name="android.permission.INTERNET" />
15-->src\main\AndroidManifest.xml:8:5-67
15-->src\main\AndroidManifest.xml:8:22-64
16    <uses-permission android:name="android.permission.FOREGROUND_SERVICE" />
16-->src\main\AndroidManifest.xml:9:5-77
16-->src\main\AndroidManifest.xml:9:22-74
17    <uses-permission android:name="android.permission.ACCESS_NETWORK_STATE" />
17-->src\main\AndroidManifest.xml:10:5-79
17-->src\main\AndroidManifest.xml:10:22-76
18    <uses-permission android:name="android.permission.WAKE_LOCK" />
18-->src\main\AndroidManifest.xml:11:5-68
18-->src\main\AndroidManifest.xml:11:22-65
19    <uses-permission android:name="android.permission.VIBRATE" />
19-->src\main\AndroidManifest.xml:12:5-66
19-->src\main\AndroidManifest.xml:12:22-63
20    <uses-permission android:name="android.permission.RECEIVE_BOOT_COMPLETED" />
20-->src\main\AndroidManifest.xml:13:5-81
20-->src\main\AndroidManifest.xml:13:22-78
21    <uses-permission android:name="android.permission.SCHEDULE_EXACT_ALARM" />
21-->src\main\AndroidManifest.xml:14:5-79
21-->src\main\AndroidManifest.xml:14:22-76
22    <uses-permission android:name="com.android.alarm.permission.SET_ALARM" />
22-->src\main\AndroidManifest.xml:15:5-78
22-->src\main\AndroidManifest.xml:15:22-75
23    <uses-permission android:name="android.permission.REQUEST_IGNORE_BATTERY_OPTIMIZATIONS" />
23-->src\main\AndroidManifest.xml:16:5-95
23-->src\main\AndroidManifest.xml:16:22-92
24    <uses-permission android:name="android.permission.USE_FULL_SCREEN_INTENT" />
24-->src\main\AndroidManifest.xml:17:5-81
24-->src\main\AndroidManifest.xml:17:22-78
25    <uses-permission android:name="android.permission.CAMERA" />
25-->src\main\AndroidManifest.xml:18:5-65
25-->src\main\AndroidManifest.xml:18:22-62
26    <uses-permission android:name="android.permission.POST_NOTIFICATIONS" />
26-->src\main\AndroidManifest.xml:19:5-77
26-->src\main\AndroidManifest.xml:19:22-74
27    <uses-permission android:name="android.permission.VIBRATE" />
27-->src\main\AndroidManifest.xml:12:5-66
27-->src\main\AndroidManifest.xml:12:22-63
28    <uses-permission android:name="android.permission.WRITE_EXTERNAL_STORAGE" />
28-->src\main\AndroidManifest.xml:21:5-81
28-->src\main\AndroidManifest.xml:21:22-78
29
30    <permission
30-->[androidx.core:core:1.9.0] AndroidManifest.xml:22:5-24:47
31        android:name="com.atharvakale.facerecognition.DYNAMIC_RECEIVER_NOT_EXPORTED_PERMISSION"
31-->[androidx.core:core:1.9.0] AndroidManifest.xml:23:9-81
32        android:protectionLevel="signature" />
32-->[androidx.core:core:1.9.0] AndroidManifest.xml:24:9-44
33
34    <uses-permission android:name="com.atharvakale.facerecognition.DYNAMIC_RECEIVER_NOT_EXPORTED_PERMISSION" />
34-->[androidx.core:core:1.9.0] AndroidManifest.xml:26:5-97
34-->[androidx.core:core:1.9.0] AndroidManifest.xml:26:22-94
35    <uses-permission android:name="android.permission.READ_PHONE_STATE" />
36    <uses-permission android:name="android.permission.READ_EXTERNAL_STORAGE" />
37
38    <application
38-->src\main\AndroidManifest.xml:23:5-126:19
39        android:name="com.atharvakale.facerecognition.AppContext"
39-->src\main\AndroidManifest.xml:24:9-35
40        android:allowBackup="true"
40-->src\main\AndroidManifest.xml:25:9-35
41        android:appComponentFactory="androidx.core.app.CoreComponentFactory"
41-->[androidx.core:core:1.9.0] AndroidManifest.xml:28:18-86
42        android:debuggable="true"
43        android:extractNativeLibs="false"
44        android:icon="@drawable/face_icon2"
44-->src\main\AndroidManifest.xml:26:9-44
45        android:label="@string/app_name"
45-->src\main\AndroidManifest.xml:27:9-41
46        android:largeHeap="true"
46-->src\main\AndroidManifest.xml:28:9-33
47        android:roundIcon="@drawable/face_icon2"
47-->src\main\AndroidManifest.xml:29:9-49
48        android:supportsRtl="true"
48-->src\main\AndroidManifest.xml:30:9-35
49        android:testOnly="true"
50        android:theme="@style/Theme.FaceRecognition.NoActionBar" >
50-->src\main\AndroidManifest.xml:31:9-65
51        <activity
51-->src\main\AndroidManifest.xml:32:9-34:40
52            android:name="com.atharvakale.facerecognition.AboutScreen"
52-->src\main\AndroidManifest.xml:33:13-40
53            android:exported="false" />
53-->src\main\AndroidManifest.xml:34:13-37
54        <activity
54-->src\main\AndroidManifest.xml:35:9-37:40
55            android:name="com.atharvakale.facerecognition.ProfileScreen"
55-->src\main\AndroidManifest.xml:36:13-42
56            android:exported="false" />
56-->src\main\AndroidManifest.xml:37:13-37
57        <activity
57-->src\main\AndroidManifest.xml:38:9-40:40
58            android:name="com.atharvakale.facerecognition.priviseyScreen"
58-->src\main\AndroidManifest.xml:39:13-43
59            android:exported="false" />
59-->src\main\AndroidManifest.xml:40:13-37
60
61        <meta-data
61-->src\main\AndroidManifest.xml:42:9-44:50
62            android:name="com.google.android.actions"
62-->src\main\AndroidManifest.xml:43:13-54
63            android:resource="@xml/file_paths" />
63-->src\main\AndroidManifest.xml:44:13-47
64
65        <activity
65-->src\main\AndroidManifest.xml:46:9-48:40
66            android:name="com.atharvakale.facerecognition.downloadAttandness"
66-->src\main\AndroidManifest.xml:47:13-47
67            android:exported="false" />
67-->src\main\AndroidManifest.xml:48:13-37
68        <activity
68-->src\main\AndroidManifest.xml:49:9-51:40
69            android:name="com.atharvakale.facerecognition.View_Attandness"
69-->src\main\AndroidManifest.xml:50:13-44
70            android:exported="false" />
70-->src\main\AndroidManifest.xml:51:13-37
71        <activity
71-->src\main\AndroidManifest.xml:52:9-54:40
72            android:name="com.atharvakale.facerecognition.AttandnessDashBoard"
72-->src\main\AndroidManifest.xml:53:13-48
73            android:exported="false" />
73-->src\main\AndroidManifest.xml:54:13-37
74        <activity
74-->src\main\AndroidManifest.xml:55:9-57:40
75            android:name="com.atharvakale.facerecognition.ClassDetailActivity"
75-->src\main\AndroidManifest.xml:56:13-48
76            android:exported="false" />
76-->src\main\AndroidManifest.xml:57:13-37
77        <activity
77-->src\main\AndroidManifest.xml:58:9-60:40
78            android:name="com.atharvakale.facerecognition.moduleclasses.MainActivity"
78-->src\main\AndroidManifest.xml:59:13-55
79            android:exported="false" />
79-->src\main\AndroidManifest.xml:60:13-37
80        <activity
80-->src\main\AndroidManifest.xml:61:9-63:40
81            android:name="com.atharvakale.facerecognition.moduleclasses.RegisterFaceActivity"
81-->src\main\AndroidManifest.xml:62:13-63
82            android:exported="false" />
82-->src\main\AndroidManifest.xml:63:13-37
83        <activity
83-->src\main\AndroidManifest.xml:64:9-66:40
84            android:name="com.atharvakale.facerecognition.CoursesActivity"
84-->src\main\AndroidManifest.xml:65:13-44
85            android:exported="false" />
85-->src\main\AndroidManifest.xml:66:13-37
86        <activity
86-->src\main\AndroidManifest.xml:67:9-69:40
87            android:name="com.atharvakale.facerecognition.RemindersActivity"
87-->src\main\AndroidManifest.xml:68:13-46
88            android:exported="false" />
88-->src\main\AndroidManifest.xml:69:13-37
89        <activity
89-->src\main\AndroidManifest.xml:70:9-72:40
90            android:name="com.atharvakale.facerecognition.AttendnessActivity"
90-->src\main\AndroidManifest.xml:71:13-47
91            android:exported="false" />
91-->src\main\AndroidManifest.xml:72:13-37
92        <activity
92-->src\main\AndroidManifest.xml:73:9-75:40
93            android:name="com.atharvakale.facerecognition.DashBoard"
93-->src\main\AndroidManifest.xml:74:13-38
94            android:exported="false" />
94-->src\main\AndroidManifest.xml:75:13-37
95        <activity
95-->src\main\AndroidManifest.xml:76:9-78:40
96            android:name="com.atharvakale.facerecognition.ForgetPassword"
96-->src\main\AndroidManifest.xml:77:13-43
97            android:exported="false" />
97-->src\main\AndroidManifest.xml:78:13-37
98        <activity
98-->src\main\AndroidManifest.xml:79:9-81:40
99            android:name="com.atharvakale.facerecognition.SignUp"
99-->src\main\AndroidManifest.xml:80:13-35
100            android:exported="false" />
100-->src\main\AndroidManifest.xml:81:13-37
101        <activity
101-->src\main\AndroidManifest.xml:82:9-84:40
102            android:name="com.atharvakale.facerecognition.LoginScreen"
102-->src\main\AndroidManifest.xml:83:13-40
103            android:exported="false" /> <!-- <activity -->
103-->src\main\AndroidManifest.xml:84:13-37
104        <!-- android:name=".ui.login.LoginActivity" -->
105        <!-- android:exported="false" -->
106        <!-- android:label="@string/title_activity_login" /> -->
107        <activity
107-->src\main\AndroidManifest.xml:88:9-98:20
108            android:name="com.atharvakale.facerecognition.splash_screen"
108-->src\main\AndroidManifest.xml:89:13-42
109            android:exported="true"
109-->src\main\AndroidManifest.xml:90:13-36
110            android:label="@string/app_name"
110-->src\main\AndroidManifest.xml:91:13-45
111            android:theme="@style/Theme.FaceRecognition.NoActionBar" >
111-->src\main\AndroidManifest.xml:92:13-69
112            <intent-filter>
112-->src\main\AndroidManifest.xml:93:13-97:29
113                <action android:name="android.intent.action.MAIN" />
113-->src\main\AndroidManifest.xml:94:17-69
113-->src\main\AndroidManifest.xml:94:25-66
114
115                <category android:name="android.intent.category.LAUNCHER" />
115-->src\main\AndroidManifest.xml:96:17-77
115-->src\main\AndroidManifest.xml:96:27-74
116            </intent-filter>
117        </activity>
118
119        <service
119-->src\main\AndroidManifest.xml:100:9-102:40
120            android:name="com.atharvakale.facerecognition.AlarmService"
120-->src\main\AndroidManifest.xml:101:13-41
121            android:exported="false" />
121-->src\main\AndroidManifest.xml:102:13-37
122        <service
122-->src\main\AndroidManifest.xml:103:9-106:72
123            android:name="com.atharvakale.facerecognition.NotificationService"
123-->src\main\AndroidManifest.xml:104:13-48
124            android:exported="false"
124-->src\main\AndroidManifest.xml:105:13-37
125            android:permission="android.permission.BIND_JOB_SERVICE" />
125-->src\main\AndroidManifest.xml:106:13-69
126
127        <receiver
127-->src\main\AndroidManifest.xml:108:9-115:20
128            android:name="com.atharvakale.facerecognition.NotificationReceiver"
128-->src\main\AndroidManifest.xml:109:13-49
129            android:enabled="true"
129-->src\main\AndroidManifest.xml:110:13-35
130            android:exported="false" >
130-->src\main\AndroidManifest.xml:111:13-37
131            <intent-filter>
131-->src\main\AndroidManifest.xml:112:13-114:29
132                <action android:name="android.intent.action.BOOT_COMPLETED" />
132-->src\main\AndroidManifest.xml:113:17-79
132-->src\main\AndroidManifest.xml:113:25-76
133            </intent-filter>
134        </receiver>
135
136        <provider
136-->src\main\AndroidManifest.xml:117:9-125:20
137            android:name="androidx.core.content.FileProvider"
137-->src\main\AndroidManifest.xml:118:13-62
138            android:authorities="com.atharvakale.facerecognition.fileprovider"
138-->src\main\AndroidManifest.xml:119:13-79
139            android:exported="false"
139-->src\main\AndroidManifest.xml:120:13-37
140            android:grantUriPermissions="true" >
140-->src\main\AndroidManifest.xml:121:13-47
141            <meta-data
141-->src\main\AndroidManifest.xml:122:13-124:54
142                android:name="android.support.FILE_PROVIDER_PATHS"
142-->src\main\AndroidManifest.xml:123:17-67
143                android:resource="@xml/file_paths" />
143-->src\main\AndroidManifest.xml:124:17-51
144        </provider>
145
146        <activity
146-->[com.google.firebase:firebase-auth:21.1.0] AndroidManifest.xml:27:9-44:20
147            android:name="com.google.firebase.auth.internal.GenericIdpActivity"
147-->[com.google.firebase:firebase-auth:21.1.0] AndroidManifest.xml:28:13-80
148            android:excludeFromRecents="true"
148-->[com.google.firebase:firebase-auth:21.1.0] AndroidManifest.xml:29:13-46
149            android:exported="true"
149-->[com.google.firebase:firebase-auth:21.1.0] AndroidManifest.xml:30:13-36
150            android:launchMode="singleTask"
150-->[com.google.firebase:firebase-auth:21.1.0] AndroidManifest.xml:31:13-44
151            android:theme="@android:style/Theme.Translucent.NoTitleBar" >
151-->[com.google.firebase:firebase-auth:21.1.0] AndroidManifest.xml:32:13-72
152            <intent-filter>
152-->[com.google.firebase:firebase-auth:21.1.0] AndroidManifest.xml:33:13-43:29
153                <action android:name="android.intent.action.VIEW" />
153-->[com.google.firebase:firebase-auth:21.1.0] AndroidManifest.xml:34:17-69
153-->[com.google.firebase:firebase-auth:21.1.0] AndroidManifest.xml:34:25-66
154
155                <category android:name="android.intent.category.DEFAULT" />
155-->[com.google.firebase:firebase-auth:21.1.0] AndroidManifest.xml:36:17-76
155-->[com.google.firebase:firebase-auth:21.1.0] AndroidManifest.xml:36:27-73
156                <category android:name="android.intent.category.BROWSABLE" />
156-->[com.google.firebase:firebase-auth:21.1.0] AndroidManifest.xml:37:17-78
156-->[com.google.firebase:firebase-auth:21.1.0] AndroidManifest.xml:37:27-75
157
158                <data
158-->[com.google.firebase:firebase-auth:21.1.0] AndroidManifest.xml:39:17-42:51
159                    android:host="firebase.auth"
159-->[com.google.firebase:firebase-auth:21.1.0] AndroidManifest.xml:40:21-49
160                    android:path="/"
160-->[com.google.firebase:firebase-auth:21.1.0] AndroidManifest.xml:41:21-37
161                    android:scheme="genericidp" />
161-->[com.google.firebase:firebase-auth:21.1.0] AndroidManifest.xml:42:21-48
162            </intent-filter>
163        </activity>
164        <activity
164-->[com.google.firebase:firebase-auth:21.1.0] AndroidManifest.xml:45:9-62:20
165            android:name="com.google.firebase.auth.internal.RecaptchaActivity"
165-->[com.google.firebase:firebase-auth:21.1.0] AndroidManifest.xml:46:13-79
166            android:excludeFromRecents="true"
166-->[com.google.firebase:firebase-auth:21.1.0] AndroidManifest.xml:47:13-46
167            android:exported="true"
167-->[com.google.firebase:firebase-auth:21.1.0] AndroidManifest.xml:48:13-36
168            android:launchMode="singleTask"
168-->[com.google.firebase:firebase-auth:21.1.0] AndroidManifest.xml:49:13-44
169            android:theme="@android:style/Theme.Translucent.NoTitleBar" >
169-->[com.google.firebase:firebase-auth:21.1.0] AndroidManifest.xml:50:13-72
170            <intent-filter>
170-->[com.google.firebase:firebase-auth:21.1.0] AndroidManifest.xml:51:13-61:29
171                <action android:name="android.intent.action.VIEW" />
171-->[com.google.firebase:firebase-auth:21.1.0] AndroidManifest.xml:34:17-69
171-->[com.google.firebase:firebase-auth:21.1.0] AndroidManifest.xml:34:25-66
172
173                <category android:name="android.intent.category.DEFAULT" />
173-->[com.google.firebase:firebase-auth:21.1.0] AndroidManifest.xml:36:17-76
173-->[com.google.firebase:firebase-auth:21.1.0] AndroidManifest.xml:36:27-73
174                <category android:name="android.intent.category.BROWSABLE" />
174-->[com.google.firebase:firebase-auth:21.1.0] AndroidManifest.xml:37:17-78
174-->[com.google.firebase:firebase-auth:21.1.0] AndroidManifest.xml:37:27-75
175
176                <data
176-->[com.google.firebase:firebase-auth:21.1.0] AndroidManifest.xml:39:17-42:51
177                    android:host="firebase.auth"
177-->[com.google.firebase:firebase-auth:21.1.0] AndroidManifest.xml:40:21-49
178                    android:path="/"
178-->[com.google.firebase:firebase-auth:21.1.0] AndroidManifest.xml:41:21-37
179                    android:scheme="recaptcha" />
179-->[com.google.firebase:firebase-auth:21.1.0] AndroidManifest.xml:42:21-48
180            </intent-filter>
181        </activity>
182
183        <service
183-->[com.google.firebase:firebase-auth:21.1.0] AndroidManifest.xml:64:9-70:19
184            android:name="com.google.firebase.components.ComponentDiscoveryService"
184-->[com.google.firebase:firebase-auth:21.1.0] AndroidManifest.xml:65:13-84
185            android:directBootAware="true"
185-->[com.google.firebase:firebase-common:20.2.0] AndroidManifest.xml:34:13-43
186            android:exported="false" >
186-->[com.google.firebase:firebase-auth:21.1.0] AndroidManifest.xml:66:13-37
187            <meta-data
187-->[com.google.firebase:firebase-auth:21.1.0] AndroidManifest.xml:67:13-69:85
188                android:name="com.google.firebase.components:com.google.firebase.auth.FirebaseAuthRegistrar"
188-->[com.google.firebase:firebase-auth:21.1.0] AndroidManifest.xml:68:17-109
189                android:value="com.google.firebase.components.ComponentRegistrar" />
189-->[com.google.firebase:firebase-auth:21.1.0] AndroidManifest.xml:69:17-82
190            <meta-data
190-->[com.google.firebase:firebase-firestore:24.4.1] AndroidManifest.xml:19:13-21:85
191                android:name="com.google.firebase.components:com.google.firebase.firestore.FirestoreRegistrar"
191-->[com.google.firebase:firebase-firestore:24.4.1] AndroidManifest.xml:20:17-111
192                android:value="com.google.firebase.components.ComponentRegistrar" />
192-->[com.google.firebase:firebase-firestore:24.4.1] AndroidManifest.xml:21:17-82
193        </service>
194        <service
194-->[com.google.android.gms:play-services-mlkit-face-detection:17.0.1] AndroidManifest.xml:9:9-15:19
195            android:name="com.google.mlkit.common.internal.MlKitComponentDiscoveryService"
195-->[com.google.android.gms:play-services-mlkit-face-detection:17.0.1] AndroidManifest.xml:10:13-91
196            android:directBootAware="true"
196-->[com.google.mlkit:common:18.1.0] AndroidManifest.xml:17:13-43
197            android:exported="false" >
197-->[com.google.android.gms:play-services-mlkit-face-detection:17.0.1] AndroidManifest.xml:11:13-37
198            <meta-data
198-->[com.google.android.gms:play-services-mlkit-face-detection:17.0.1] AndroidManifest.xml:12:13-14:85
199                android:name="com.google.firebase.components:com.google.mlkit.vision.face.internal.FaceRegistrar"
199-->[com.google.android.gms:play-services-mlkit-face-detection:17.0.1] AndroidManifest.xml:13:17-114
200                android:value="com.google.firebase.components.ComponentRegistrar" />
200-->[com.google.android.gms:play-services-mlkit-face-detection:17.0.1] AndroidManifest.xml:14:17-82
201            <meta-data
201-->[com.google.mlkit:vision-common:17.1.0] AndroidManifest.xml:12:13-14:85
202                android:name="com.google.firebase.components:com.google.mlkit.vision.common.internal.VisionCommonRegistrar"
202-->[com.google.mlkit:vision-common:17.1.0] AndroidManifest.xml:13:17-124
203                android:value="com.google.firebase.components.ComponentRegistrar" />
203-->[com.google.mlkit:vision-common:17.1.0] AndroidManifest.xml:14:17-82
204            <meta-data
204-->[com.google.mlkit:common:18.1.0] AndroidManifest.xml:20:13-22:85
205                android:name="com.google.firebase.components:com.google.mlkit.common.internal.CommonComponentRegistrar"
205-->[com.google.mlkit:common:18.1.0] AndroidManifest.xml:21:17-120
206                android:value="com.google.firebase.components.ComponentRegistrar" />
206-->[com.google.mlkit:common:18.1.0] AndroidManifest.xml:22:17-82
207        </service>
208
209        <provider
209-->[com.google.mlkit:common:18.1.0] AndroidManifest.xml:9:9-13:38
210            android:name="com.google.mlkit.common.internal.MlKitInitProvider"
210-->[com.google.mlkit:common:18.1.0] AndroidManifest.xml:10:13-78
211            android:authorities="com.atharvakale.facerecognition.mlkitinitprovider"
211-->[com.google.mlkit:common:18.1.0] AndroidManifest.xml:11:13-69
212            android:exported="false"
212-->[com.google.mlkit:common:18.1.0] AndroidManifest.xml:12:13-37
213            android:initOrder="99" />
213-->[com.google.mlkit:common:18.1.0] AndroidManifest.xml:13:13-35
214
215        <activity
215-->[com.google.android.gms:play-services-base:18.0.1] AndroidManifest.xml:20:9-22:45
216            android:name="com.google.android.gms.common.api.GoogleApiActivity"
216-->[com.google.android.gms:play-services-base:18.0.1] AndroidManifest.xml:20:19-85
217            android:exported="false"
217-->[com.google.android.gms:play-services-base:18.0.1] AndroidManifest.xml:22:19-43
218            android:theme="@android:style/Theme.Translucent.NoTitleBar" />
218-->[com.google.android.gms:play-services-base:18.0.1] AndroidManifest.xml:21:19-78
219
220        <provider
220-->[com.google.firebase:firebase-common:20.2.0] AndroidManifest.xml:25:9-30:39
221            android:name="com.google.firebase.provider.FirebaseInitProvider"
221-->[com.google.firebase:firebase-common:20.2.0] AndroidManifest.xml:26:13-77
222            android:authorities="com.atharvakale.facerecognition.firebaseinitprovider"
222-->[com.google.firebase:firebase-common:20.2.0] AndroidManifest.xml:27:13-72
223            android:directBootAware="true"
223-->[com.google.firebase:firebase-common:20.2.0] AndroidManifest.xml:28:13-43
224            android:exported="false"
224-->[com.google.firebase:firebase-common:20.2.0] AndroidManifest.xml:29:13-37
225            android:initOrder="100" />
225-->[com.google.firebase:firebase-common:20.2.0] AndroidManifest.xml:30:13-36
226
227        <meta-data
227-->[com.google.android.gms:play-services-basement:18.1.0] AndroidManifest.xml:21:9-23:69
228            android:name="com.google.android.gms.version"
228-->[com.google.android.gms:play-services-basement:18.1.0] AndroidManifest.xml:22:13-58
229            android:value="@integer/google_play_services_version" />
229-->[com.google.android.gms:play-services-basement:18.1.0] AndroidManifest.xml:23:13-66
230
231        <service
231-->[androidx.camera:camera-camera2:1.2.0-alpha04] AndroidManifest.xml:24:9-33:19
232            android:name="androidx.camera.core.impl.MetadataHolderService"
232-->[androidx.camera:camera-camera2:1.2.0-alpha04] AndroidManifest.xml:25:13-75
233            android:enabled="false"
233-->[androidx.camera:camera-camera2:1.2.0-alpha04] AndroidManifest.xml:26:13-36
234            android:exported="false" >
234-->[androidx.camera:camera-camera2:1.2.0-alpha04] AndroidManifest.xml:27:13-37
235            <meta-data
235-->[androidx.camera:camera-camera2:1.2.0-alpha04] AndroidManifest.xml:30:13-32:89
236                android:name="androidx.camera.core.impl.MetadataHolderService.DEFAULT_CONFIG_PROVIDER"
236-->[androidx.camera:camera-camera2:1.2.0-alpha04] AndroidManifest.xml:31:17-103
237                android:value="androidx.camera.camera2.Camera2Config$DefaultProvider" />
237-->[androidx.camera:camera-camera2:1.2.0-alpha04] AndroidManifest.xml:32:17-86
238        </service>
239
240        <provider
240-->[androidx.emoji2:emoji2:1.2.0] AndroidManifest.xml:24:9-32:20
241            android:name="androidx.startup.InitializationProvider"
241-->[androidx.emoji2:emoji2:1.2.0] AndroidManifest.xml:25:13-67
242            android:authorities="com.atharvakale.facerecognition.androidx-startup"
242-->[androidx.emoji2:emoji2:1.2.0] AndroidManifest.xml:26:13-68
243            android:exported="false" >
243-->[androidx.emoji2:emoji2:1.2.0] AndroidManifest.xml:27:13-37
244            <meta-data
244-->[androidx.emoji2:emoji2:1.2.0] AndroidManifest.xml:29:13-31:52
245                android:name="androidx.emoji2.text.EmojiCompatInitializer"
245-->[androidx.emoji2:emoji2:1.2.0] AndroidManifest.xml:30:17-75
246                android:value="androidx.startup" />
246-->[androidx.emoji2:emoji2:1.2.0] AndroidManifest.xml:31:17-49
247            <meta-data
247-->[androidx.lifecycle:lifecycle-process:2.4.1] AndroidManifest.xml:31:13-33:52
248                android:name="androidx.lifecycle.ProcessLifecycleInitializer"
248-->[androidx.lifecycle:lifecycle-process:2.4.1] AndroidManifest.xml:32:17-78
249                android:value="androidx.startup" />
249-->[androidx.lifecycle:lifecycle-process:2.4.1] AndroidManifest.xml:33:17-49
250        </provider>
251
252        <service
252-->[com.google.android.datatransport:transport-backend-cct:2.3.3] AndroidManifest.xml:29:9-35:19
253            android:name="com.google.android.datatransport.runtime.backends.TransportBackendDiscovery"
253-->[com.google.android.datatransport:transport-backend-cct:2.3.3] AndroidManifest.xml:30:13-103
254            android:exported="false" >
254-->[com.google.android.datatransport:transport-backend-cct:2.3.3] AndroidManifest.xml:31:13-37
255            <meta-data
255-->[com.google.android.datatransport:transport-backend-cct:2.3.3] AndroidManifest.xml:32:13-34:39
256                android:name="backend:com.google.android.datatransport.cct.CctBackendFactory"
256-->[com.google.android.datatransport:transport-backend-cct:2.3.3] AndroidManifest.xml:33:17-94
257                android:value="cct" />
257-->[com.google.android.datatransport:transport-backend-cct:2.3.3] AndroidManifest.xml:34:17-36
258        </service>
259        <service
259-->[com.google.android.datatransport:transport-runtime:2.2.6] AndroidManifest.xml:26:9-30:19
260            android:name="com.google.android.datatransport.runtime.scheduling.jobscheduling.JobInfoSchedulerService"
260-->[com.google.android.datatransport:transport-runtime:2.2.6] AndroidManifest.xml:27:13-117
261            android:exported="false"
261-->[com.google.android.datatransport:transport-runtime:2.2.6] AndroidManifest.xml:28:13-37
262            android:permission="android.permission.BIND_JOB_SERVICE" >
262-->[com.google.android.datatransport:transport-runtime:2.2.6] AndroidManifest.xml:29:13-69
263        </service>
264
265        <receiver
265-->[com.google.android.datatransport:transport-runtime:2.2.6] AndroidManifest.xml:32:9-34:40
266            android:name="com.google.android.datatransport.runtime.scheduling.jobscheduling.AlarmManagerSchedulerBroadcastReceiver"
266-->[com.google.android.datatransport:transport-runtime:2.2.6] AndroidManifest.xml:33:13-132
267            android:exported="false" />
267-->[com.google.android.datatransport:transport-runtime:2.2.6] AndroidManifest.xml:34:13-37
268    </application>
269
270</manifest>